# Logfile created on 2021-01-14 15:00:03 +0900 by logger.rb/v1.4.2
  INFO ---------------------------------------------------------------------------
  INFO START 2021-01-14 15:00:03 +0900 cap production deploy
  INFO ---------------------------------------------------------------------------
  INFO [429b9f72] Running /usr/bin/env mkdir -p /tmp as vagrant@verification-cap-puma
 DEBUG [429b9f72] Command: /usr/bin/env mkdir -p /tmp
  INFO [429b9f72] Finished in 0.823 seconds with exit status 0 (successful).
 DEBUG Uploading /tmp/git-ssh-verification-cap-puma-production-suzuki_toru.sh 0.0%
  INFO Uploading /tmp/git-ssh-verification-cap-puma-production-suzuki_toru.sh 100.0%
  INFO [7718da1d] Running /usr/bin/env chmod 700 /tmp/git-ssh-verification-cap-puma-production-suzuki_toru.sh as vagrant@verification-cap-puma
 DEBUG [7718da1d] Command: /usr/bin/env chmod 700 /tmp/git-ssh-verification-cap-puma-production-suzuki_toru.sh
  INFO [7718da1d] Finished in 0.005 seconds with exit status 0 (successful).
  INFO [8bce20ff] Running /usr/bin/env git ls-remote git@github.com:loasnir/verification-cap-puma.git HEAD as vagrant@verification-cap-puma
 DEBUG [8bce20ff] Command: ( export GIT_ASKPASS="/bin/echo" GIT_SSH="/tmp/git-ssh-verification-cap-puma-production-suzuki_toru.sh" ; /usr/bin/env git ls-remote git@github.com:loasnir/verification-cap-puma.git HEAD )
 DEBUG [8bce20ff] 	Warning: Permanently added 'github.com,52.192.72.89' (RSA) to the list of known hosts.
 DEBUG [8bce20ff] 	dbcff87a974dcb0696645d3b63067f1e3953cd6b	HEAD
  INFO [8bce20ff] Finished in 3.847 seconds with exit status 0 (successful).
  INFO [cfb0c927] Running /usr/bin/env mkdir -p /var/www/html/shared /var/www/html/releases as vagrant@verification-cap-puma
 DEBUG [cfb0c927] Command: /usr/bin/env mkdir -p /var/www/html/shared /var/www/html/releases
 DEBUG [cfb0c927] 	mkdir: cannot create directory ‘/var/www’: Permission denied
mkdir: cannot create directory ‘/var/www’: Permission denied
  INFO ---------------------------------------------------------------------------
  INFO START 2021-01-14 15:07:37 +0900 cap production deploy
  INFO ---------------------------------------------------------------------------
  INFO [2bdcb5b8] Running /usr/bin/env mkdir -p /tmp as vagrant@verification-cap-puma
 DEBUG [2bdcb5b8] Command: /usr/bin/env mkdir -p /tmp
  INFO [2bdcb5b8] Finished in 0.861 seconds with exit status 0 (successful).
 DEBUG Uploading /tmp/git-ssh-verification-cap-puma-production-suzuki_toru.sh 0.0%
  INFO Uploading /tmp/git-ssh-verification-cap-puma-production-suzuki_toru.sh 100.0%
  INFO [d3cfbca8] Running /usr/bin/env chmod 700 /tmp/git-ssh-verification-cap-puma-production-suzuki_toru.sh as vagrant@verification-cap-puma
 DEBUG [d3cfbca8] Command: /usr/bin/env chmod 700 /tmp/git-ssh-verification-cap-puma-production-suzuki_toru.sh
  INFO [d3cfbca8] Finished in 0.005 seconds with exit status 0 (successful).
  INFO [10a1931f] Running /usr/bin/env git ls-remote git@github.com:loasnir/verification-cap-puma.git HEAD as vagrant@verification-cap-puma
 DEBUG [10a1931f] Command: ( export GIT_ASKPASS="/bin/echo" GIT_SSH="/tmp/git-ssh-verification-cap-puma-production-suzuki_toru.sh" ; /usr/bin/env git ls-remote git@github.com:loasnir/verification-cap-puma.git HEAD )
 DEBUG [10a1931f] 	Warning: Permanently added 'github.com,52.69.186.44' (RSA) to the list of known hosts.
 DEBUG [10a1931f] 	dbcff87a974dcb0696645d3b63067f1e3953cd6b	HEAD
  INFO [10a1931f] Finished in 2.135 seconds with exit status 0 (successful).
  INFO [128d6d63] Running /usr/bin/env mkdir -p /var/www/html/shared /var/www/html/releases as vagrant@verification-cap-puma
 DEBUG [128d6d63] Command: /usr/bin/env mkdir -p /var/www/html/shared /var/www/html/releases
  INFO [128d6d63] Finished in 0.006 seconds with exit status 0 (successful).
 DEBUG [a6138f55] Running [ -f /var/www/html/current/REVISION ] as vagrant@verification-cap-puma
 DEBUG [a6138f55] Command: [ -f /var/www/html/current/REVISION ]
 DEBUG [a6138f55] Finished in 0.005 seconds with exit status 1 (failed).
 DEBUG [90e2feae] Running [ -f /var/www/html/repo/HEAD ] as vagrant@verification-cap-puma
 DEBUG [90e2feae] Command: [ -f /var/www/html/repo/HEAD ]
 DEBUG [90e2feae] Finished in 0.004 seconds with exit status 1 (failed).
 DEBUG [32c65318] Running if test ! -d /var/www/html; then echo "Directory does not exist '/var/www/html'" 1>&2; false; fi as vagrant@verification-cap-puma
 DEBUG [32c65318] Command: if test ! -d /var/www/html; then echo "Directory does not exist '/var/www/html'" 1>&2; false; fi
 DEBUG [32c65318] Finished in 0.004 seconds with exit status 0 (successful).
  INFO [8b994251] Running /usr/bin/env git clone --mirror --depth 1 --no-single-branch git@github.com:loasnir/verification-cap-puma.git /var/www/html/repo as vagrant@verification-cap-puma
 DEBUG [8b994251] Command: cd /var/www/html && ( export GIT_ASKPASS="/bin/echo" GIT_SSH="/tmp/git-ssh-verification-cap-puma-production-suzuki_toru.sh" ; /usr/bin/env git clone --mirror --depth 1 --no-single-branch git@github.com:loasnir/verification-cap-puma.git /var/www/html/repo )
 DEBUG [8b994251] 	Cloning into bare repository '/var/www/html/repo'...
  INFO [8b994251] Finished in 2.463 seconds with exit status 0 (successful).
 DEBUG [d93eb550] Running if test ! -d /var/www/html/repo; then echo "Directory does not exist '/var/www/html/repo'" 1>&2; false; fi as vagrant@verification-cap-puma
 DEBUG [d93eb550] Command: if test ! -d /var/www/html/repo; then echo "Directory does not exist '/var/www/html/repo'" 1>&2; false; fi
 DEBUG [d93eb550] Finished in 0.004 seconds with exit status 0 (successful).
  INFO [1203c197] Running /usr/bin/env git remote set-url origin git@github.com:loasnir/verification-cap-puma.git as vagrant@verification-cap-puma
 DEBUG [1203c197] Command: cd /var/www/html/repo && ( export GIT_ASKPASS="/bin/echo" GIT_SSH="/tmp/git-ssh-verification-cap-puma-production-suzuki_toru.sh" ; /usr/bin/env git remote set-url origin git@github.com:loasnir/verification-cap-puma.git )
  INFO [1203c197] Finished in 0.007 seconds with exit status 0 (successful).
  INFO [7eec8e24] Running /usr/bin/env git fetch --depth 1 origin main as vagrant@verification-cap-puma
 DEBUG [7eec8e24] Command: cd /var/www/html/repo && ( export GIT_ASKPASS="/bin/echo" GIT_SSH="/tmp/git-ssh-verification-cap-puma-production-suzuki_toru.sh" ; /usr/bin/env git fetch --depth 1 origin main )
 DEBUG [7eec8e24] 	From github.com:loasnir/verification-cap-puma
 * branch            main       -> FETCH_HEAD
  INFO [7eec8e24] Finished in 2.312 seconds with exit status 0 (successful).
 DEBUG [540ee093] Running if test ! -d /var/www/html/repo; then echo "Directory does not exist '/var/www/html/repo'" 1>&2; false; fi as vagrant@verification-cap-puma
 DEBUG [540ee093] Command: if test ! -d /var/www/html/repo; then echo "Directory does not exist '/var/www/html/repo'" 1>&2; false; fi
 DEBUG [540ee093] Finished in 0.005 seconds with exit status 0 (successful).
  INFO [f7ec7fdc] Running /usr/bin/env mkdir -p /var/www/html/releases/20210114060740 as vagrant@verification-cap-puma
 DEBUG [f7ec7fdc] Command: cd /var/www/html/repo && ( export GIT_ASKPASS="/bin/echo" GIT_SSH="/tmp/git-ssh-verification-cap-puma-production-suzuki_toru.sh" ; /usr/bin/env mkdir -p /var/www/html/releases/20210114060740 )
  INFO [f7ec7fdc] Finished in 0.007 seconds with exit status 0 (successful).
  INFO [5490c941] Running /usr/bin/env git archive main | /usr/bin/env tar -x -f - -C /var/www/html/releases/20210114060740 as vagrant@verification-cap-puma
 DEBUG [5490c941] Command: cd /var/www/html/repo && ( export GIT_ASKPASS="/bin/echo" GIT_SSH="/tmp/git-ssh-verification-cap-puma-production-suzuki_toru.sh" ; /usr/bin/env git archive main | /usr/bin/env tar -x -f - -C /var/www/html/releases/20210114060740 )
  INFO [5490c941] Finished in 0.010 seconds with exit status 0 (successful).
 DEBUG [bb9a925c] Running if test ! -d /var/www/html/repo; then echo "Directory does not exist '/var/www/html/repo'" 1>&2; false; fi as vagrant@verification-cap-puma
 DEBUG [bb9a925c] Command: if test ! -d /var/www/html/repo; then echo "Directory does not exist '/var/www/html/repo'" 1>&2; false; fi
 DEBUG [bb9a925c] Finished in 0.005 seconds with exit status 0 (successful).
 DEBUG [2c6c812a] Running /usr/bin/env git rev-list --max-count=1 main as vagrant@verification-cap-puma
 DEBUG [2c6c812a] Command: cd /var/www/html/repo && ( export GIT_ASKPASS="/bin/echo" GIT_SSH="/tmp/git-ssh-verification-cap-puma-production-suzuki_toru.sh" ; /usr/bin/env git rev-list --max-count=1 main )
 DEBUG [2c6c812a] 	dbcff87a974dcb0696645d3b63067f1e3953cd6b
 DEBUG [2c6c812a] Finished in 0.007 seconds with exit status 0 (successful).
 DEBUG [236876fa] Running if test ! -d /var/www/html/releases/20210114060740; then echo "Directory does not exist '/var/www/html/releases/20210114060740'" 1>&2; false; fi as vagrant@verification-cap-puma
 DEBUG [236876fa] Command: if test ! -d /var/www/html/releases/20210114060740; then echo "Directory does not exist '/var/www/html/releases/20210114060740'" 1>&2; false; fi
 DEBUG [236876fa] Finished in 0.005 seconds with exit status 0 (successful).
  INFO [26a11f5b] Running /usr/bin/env echo "dbcff87a974dcb0696645d3b63067f1e3953cd6b" > REVISION as vagrant@verification-cap-puma
 DEBUG [26a11f5b] Command: cd /var/www/html/releases/20210114060740 && /usr/bin/env echo "dbcff87a974dcb0696645d3b63067f1e3953cd6b" > REVISION
  INFO [26a11f5b] Finished in 0.006 seconds with exit status 0 (successful).
 DEBUG [650e5055] Running if test ! -d /var/www/html/releases/20210114060740; then echo "Directory does not exist '/var/www/html/releases/20210114060740'" 1>&2; false; fi as vagrant@verification-cap-puma
 DEBUG [650e5055] Command: if test ! -d /var/www/html/releases/20210114060740; then echo "Directory does not exist '/var/www/html/releases/20210114060740'" 1>&2; false; fi
 DEBUG [650e5055] Finished in 0.004 seconds with exit status 0 (successful).
  INFO [912f71a9] Running /usr/bin/env bundle config --local deployment true as vagrant@verification-cap-puma
 DEBUG [912f71a9] Command: cd /var/www/html/releases/20210114060740 && /usr/bin/env bundle config --local deployment true
 DEBUG [912f71a9] 	/usr/bin/env: ‘bundle’: No such file or directory
  INFO ---------------------------------------------------------------------------
  INFO START 2021-01-14 15:08:57 +0900 cap production deploy
  INFO ---------------------------------------------------------------------------
  INFO [8e2619c1] Running /usr/bin/env mkdir -p /tmp as vagrant@verification-cap-puma
 DEBUG [8e2619c1] Command: /usr/bin/env mkdir -p /tmp
  INFO [8e2619c1] Finished in 0.387 seconds with exit status 0 (successful).
 DEBUG Uploading /tmp/git-ssh-verification-cap-puma-production-suzuki_toru.sh 0.0%
  INFO Uploading /tmp/git-ssh-verification-cap-puma-production-suzuki_toru.sh 100.0%
  INFO [916a56f3] Running /usr/bin/env chmod 700 /tmp/git-ssh-verification-cap-puma-production-suzuki_toru.sh as vagrant@verification-cap-puma
 DEBUG [916a56f3] Command: /usr/bin/env chmod 700 /tmp/git-ssh-verification-cap-puma-production-suzuki_toru.sh
  INFO [916a56f3] Finished in 0.004 seconds with exit status 0 (successful).
  INFO [66b018fa] Running /usr/bin/env git ls-remote git@github.com:loasnir/verification-cap-puma.git HEAD as vagrant@verification-cap-puma
 DEBUG [66b018fa] Command: ( export GIT_ASKPASS="/bin/echo" GIT_SSH="/tmp/git-ssh-verification-cap-puma-production-suzuki_toru.sh" ; /usr/bin/env git ls-remote git@github.com:loasnir/verification-cap-puma.git HEAD )
 DEBUG [66b018fa] 	dbcff87a974dcb0696645d3b63067f1e3953cd6b	HEAD
  INFO [66b018fa] Finished in 2.339 seconds with exit status 0 (successful).
  INFO [23ab4367] Running /usr/bin/env mkdir -p /var/www/html/shared /var/www/html/releases as vagrant@verification-cap-puma
 DEBUG [23ab4367] Command: /usr/bin/env mkdir -p /var/www/html/shared /var/www/html/releases
  INFO [23ab4367] Finished in 0.006 seconds with exit status 0 (successful).
 DEBUG [219ba1e8] Running [ -f /var/www/html/current/REVISION ] as vagrant@verification-cap-puma
 DEBUG [219ba1e8] Command: [ -f /var/www/html/current/REVISION ]
 DEBUG [219ba1e8] Finished in 0.005 seconds with exit status 1 (failed).
 DEBUG [0a590506] Running [ -f /var/www/html/repo/HEAD ] as vagrant@verification-cap-puma
 DEBUG [0a590506] Command: [ -f /var/www/html/repo/HEAD ]
 DEBUG [0a590506] Finished in 0.006 seconds with exit status 0 (successful).
  INFO The repository mirror is at /var/www/html/repo
 DEBUG [d3ccc122] Running if test ! -d /var/www/html/repo; then echo "Directory does not exist '/var/www/html/repo'" 1>&2; false; fi as vagrant@verification-cap-puma
 DEBUG [d3ccc122] Command: if test ! -d /var/www/html/repo; then echo "Directory does not exist '/var/www/html/repo'" 1>&2; false; fi
 DEBUG [d3ccc122] Finished in 0.004 seconds with exit status 0 (successful).
  INFO [c93c2a77] Running /usr/bin/env git remote set-url origin git@github.com:loasnir/verification-cap-puma.git as vagrant@verification-cap-puma
 DEBUG [c93c2a77] Command: cd /var/www/html/repo && ( export GIT_ASKPASS="/bin/echo" GIT_SSH="/tmp/git-ssh-verification-cap-puma-production-suzuki_toru.sh" ; /usr/bin/env git remote set-url origin git@github.com:loasnir/verification-cap-puma.git )
  INFO [c93c2a77] Finished in 0.008 seconds with exit status 0 (successful).
  INFO [7c88641e] Running /usr/bin/env git fetch --depth 1 origin main as vagrant@verification-cap-puma
 DEBUG [7c88641e] Command: cd /var/www/html/repo && ( export GIT_ASKPASS="/bin/echo" GIT_SSH="/tmp/git-ssh-verification-cap-puma-production-suzuki_toru.sh" ; /usr/bin/env git fetch --depth 1 origin main )
 DEBUG [7c88641e] 	From github.com:loasnir/verification-cap-puma
 DEBUG [7c88641e] 	 * branch            main       -> FETCH_HEAD
  INFO [7c88641e] Finished in 2.952 seconds with exit status 0 (successful).
 DEBUG [0401d91e] Running if test ! -d /var/www/html/repo; then echo "Directory does not exist '/var/www/html/repo'" 1>&2; false; fi as vagrant@verification-cap-puma
 DEBUG [0401d91e] Command: if test ! -d /var/www/html/repo; then echo "Directory does not exist '/var/www/html/repo'" 1>&2; false; fi
 DEBUG [0401d91e] Finished in 0.005 seconds with exit status 0 (successful).
  INFO [cc058ba2] Running /usr/bin/env mkdir -p /var/www/html/releases/20210114060900 as vagrant@verification-cap-puma
 DEBUG [cc058ba2] Command: cd /var/www/html/repo && ( export GIT_ASKPASS="/bin/echo" GIT_SSH="/tmp/git-ssh-verification-cap-puma-production-suzuki_toru.sh" ; /usr/bin/env mkdir -p /var/www/html/releases/20210114060900 )
  INFO [cc058ba2] Finished in 0.007 seconds with exit status 0 (successful).
  INFO [47d4203e] Running /usr/bin/env git archive main | /usr/bin/env tar -x -f - -C /var/www/html/releases/20210114060900 as vagrant@verification-cap-puma
 DEBUG [47d4203e] Command: cd /var/www/html/repo && ( export GIT_ASKPASS="/bin/echo" GIT_SSH="/tmp/git-ssh-verification-cap-puma-production-suzuki_toru.sh" ; /usr/bin/env git archive main | /usr/bin/env tar -x -f - -C /var/www/html/releases/20210114060900 )
  INFO [47d4203e] Finished in 0.008 seconds with exit status 0 (successful).
 DEBUG [a061492e] Running if test ! -d /var/www/html/repo; then echo "Directory does not exist '/var/www/html/repo'" 1>&2; false; fi as vagrant@verification-cap-puma
 DEBUG [a061492e] Command: if test ! -d /var/www/html/repo; then echo "Directory does not exist '/var/www/html/repo'" 1>&2; false; fi
 DEBUG [a061492e] Finished in 0.004 seconds with exit status 0 (successful).
 DEBUG [27451923] Running /usr/bin/env git rev-list --max-count=1 main as vagrant@verification-cap-puma
 DEBUG [27451923] Command: cd /var/www/html/repo && ( export GIT_ASKPASS="/bin/echo" GIT_SSH="/tmp/git-ssh-verification-cap-puma-production-suzuki_toru.sh" ; /usr/bin/env git rev-list --max-count=1 main )
 DEBUG [27451923] 	dbcff87a974dcb0696645d3b63067f1e3953cd6b
 DEBUG [27451923] Finished in 0.008 seconds with exit status 0 (successful).
 DEBUG [075c4e23] Running if test ! -d /var/www/html/releases/20210114060900; then echo "Directory does not exist '/var/www/html/releases/20210114060900'" 1>&2; false; fi as vagrant@verification-cap-puma
 DEBUG [075c4e23] Command: if test ! -d /var/www/html/releases/20210114060900; then echo "Directory does not exist '/var/www/html/releases/20210114060900'" 1>&2; false; fi
 DEBUG [075c4e23] Finished in 0.004 seconds with exit status 0 (successful).
  INFO [121228e2] Running /usr/bin/env echo "dbcff87a974dcb0696645d3b63067f1e3953cd6b" > REVISION as vagrant@verification-cap-puma
 DEBUG [121228e2] Command: cd /var/www/html/releases/20210114060900 && /usr/bin/env echo "dbcff87a974dcb0696645d3b63067f1e3953cd6b" > REVISION
  INFO [121228e2] Finished in 0.006 seconds with exit status 0 (successful).
 DEBUG [22618f16] Running if test ! -d /var/www/html/releases/20210114060900; then echo "Directory does not exist '/var/www/html/releases/20210114060900'" 1>&2; false; fi as vagrant@verification-cap-puma
 DEBUG [22618f16] Command: if test ! -d /var/www/html/releases/20210114060900; then echo "Directory does not exist '/var/www/html/releases/20210114060900'" 1>&2; false; fi
 DEBUG [22618f16] Finished in 0.004 seconds with exit status 0 (successful).
  INFO [b1812844] Running /usr/bin/env bundle config --local deployment true as vagrant@verification-cap-puma
 DEBUG [b1812844] Command: cd /var/www/html/releases/20210114060900 && /usr/bin/env bundle config --local deployment true
 DEBUG [b1812844] 	/usr/bin/env: ‘bundle’
 DEBUG [b1812844] 	: No such file or directory
  INFO ---------------------------------------------------------------------------
  INFO START 2021-01-14 15:12:26 +0900 cap production deploy
  INFO ---------------------------------------------------------------------------
  INFO [2d1add50] Running /usr/bin/env mkdir -p /tmp as vagrant@verification-cap-puma
 DEBUG [2d1add50] Command: /usr/bin/env mkdir -p /tmp
  INFO [2d1add50] Finished in 0.388 seconds with exit status 0 (successful).
 DEBUG Uploading /tmp/git-ssh-verification-cap-puma-production-suzuki_toru.sh 0.0%
  INFO Uploading /tmp/git-ssh-verification-cap-puma-production-suzuki_toru.sh 100.0%
  INFO [b378e7b0] Running /usr/bin/env chmod 700 /tmp/git-ssh-verification-cap-puma-production-suzuki_toru.sh as vagrant@verification-cap-puma
 DEBUG [b378e7b0] Command: /usr/bin/env chmod 700 /tmp/git-ssh-verification-cap-puma-production-suzuki_toru.sh
  INFO [b378e7b0] Finished in 0.005 seconds with exit status 0 (successful).
  INFO [f581da92] Running /usr/bin/env git ls-remote git@github.com:loasnir/verification-cap-puma.git HEAD as vagrant@verification-cap-puma
 DEBUG [f581da92] Command: ( export GIT_ASKPASS="/bin/echo" GIT_SSH="/tmp/git-ssh-verification-cap-puma-production-suzuki_toru.sh" ; /usr/bin/env git ls-remote git@github.com:loasnir/verification-cap-puma.git HEAD )
 DEBUG [f581da92] 	Warning: Permanently added the RSA host key for IP address '52.192.72.89' to the list of known hosts.
 DEBUG [f581da92] 	dbcff87a974dcb0696645d3b63067f1e3953cd6b	HEAD
  INFO [f581da92] Finished in 2.136 seconds with exit status 0 (successful).
  INFO [07bdd758] Running /usr/bin/env mkdir -p /var/www/html/shared /var/www/html/releases as vagrant@verification-cap-puma
 DEBUG [07bdd758] Command: /usr/bin/env mkdir -p /var/www/html/shared /var/www/html/releases
  INFO [07bdd758] Finished in 0.006 seconds with exit status 0 (successful).
 DEBUG [ffcd1c70] Running [ -f /var/www/html/current/REVISION ] as vagrant@verification-cap-puma
 DEBUG [ffcd1c70] Command: [ -f /var/www/html/current/REVISION ]
 DEBUG [ffcd1c70] Finished in 0.005 seconds with exit status 1 (failed).
 DEBUG [0e6f9673] Running [ -f /var/www/html/repo/HEAD ] as vagrant@verification-cap-puma
 DEBUG [0e6f9673] Command: [ -f /var/www/html/repo/HEAD ]
 DEBUG [0e6f9673] Finished in 0.006 seconds with exit status 0 (successful).
  INFO The repository mirror is at /var/www/html/repo
 DEBUG [a6d0c2d1] Running if test ! -d /var/www/html/repo; then echo "Directory does not exist '/var/www/html/repo'" 1>&2; false; fi as vagrant@verification-cap-puma
 DEBUG [a6d0c2d1] Command: if test ! -d /var/www/html/repo; then echo "Directory does not exist '/var/www/html/repo'" 1>&2; false; fi
 DEBUG [a6d0c2d1] Finished in 0.004 seconds with exit status 0 (successful).
  INFO [039c8b4b] Running /usr/bin/env git remote set-url origin git@github.com:loasnir/verification-cap-puma.git as vagrant@verification-cap-puma
 DEBUG [039c8b4b] Command: cd /var/www/html/repo && ( export GIT_ASKPASS="/bin/echo" GIT_SSH="/tmp/git-ssh-verification-cap-puma-production-suzuki_toru.sh" ; /usr/bin/env git remote set-url origin git@github.com:loasnir/verification-cap-puma.git )
  INFO [039c8b4b] Finished in 0.007 seconds with exit status 0 (successful).
  INFO [d98378fc] Running /usr/bin/env git fetch --depth 1 origin main as vagrant@verification-cap-puma
 DEBUG [d98378fc] Command: cd /var/www/html/repo && ( export GIT_ASKPASS="/bin/echo" GIT_SSH="/tmp/git-ssh-verification-cap-puma-production-suzuki_toru.sh" ; /usr/bin/env git fetch --depth 1 origin main )
 DEBUG [d98378fc] 	From github.com:loasnir/verification-cap-puma
 * branch            main       -> FETCH_HEAD
  INFO [d98378fc] Finished in 2.833 seconds with exit status 0 (successful).
 DEBUG [a3ebd57c] Running if test ! -d /var/www/html/repo; then echo "Directory does not exist '/var/www/html/repo'" 1>&2; false; fi as vagrant@verification-cap-puma
 DEBUG [a3ebd57c] Command: if test ! -d /var/www/html/repo; then echo "Directory does not exist '/var/www/html/repo'" 1>&2; false; fi
 DEBUG [a3ebd57c] Finished in 0.004 seconds with exit status 0 (successful).
  INFO [33a63c1c] Running /usr/bin/env mkdir -p /var/www/html/releases/20210114061228 as vagrant@verification-cap-puma
 DEBUG [33a63c1c] Command: cd /var/www/html/repo && ( export GIT_ASKPASS="/bin/echo" GIT_SSH="/tmp/git-ssh-verification-cap-puma-production-suzuki_toru.sh" ; /usr/bin/env mkdir -p /var/www/html/releases/20210114061228 )
  INFO [33a63c1c] Finished in 0.005 seconds with exit status 0 (successful).
  INFO [d9e7bb33] Running /usr/bin/env git archive main | /usr/bin/env tar -x -f - -C /var/www/html/releases/20210114061228 as vagrant@verification-cap-puma
 DEBUG [d9e7bb33] Command: cd /var/www/html/repo && ( export GIT_ASKPASS="/bin/echo" GIT_SSH="/tmp/git-ssh-verification-cap-puma-production-suzuki_toru.sh" ; /usr/bin/env git archive main | /usr/bin/env tar -x -f - -C /var/www/html/releases/20210114061228 )
  INFO [d9e7bb33] Finished in 0.006 seconds with exit status 0 (successful).
 DEBUG [53c6c487] Running if test ! -d /var/www/html/repo; then echo "Directory does not exist '/var/www/html/repo'" 1>&2; false; fi as vagrant@verification-cap-puma
 DEBUG [53c6c487] Command: if test ! -d /var/www/html/repo; then echo "Directory does not exist '/var/www/html/repo'" 1>&2; false; fi
 DEBUG [53c6c487] Finished in 0.004 seconds with exit status 0 (successful).
 DEBUG [d750abd8] Running /usr/bin/env git rev-list --max-count=1 main as vagrant@verification-cap-puma
 DEBUG [d750abd8] Command: cd /var/www/html/repo && ( export GIT_ASKPASS="/bin/echo" GIT_SSH="/tmp/git-ssh-verification-cap-puma-production-suzuki_toru.sh" ; /usr/bin/env git rev-list --max-count=1 main )
 DEBUG [d750abd8] 	dbcff87a974dcb0696645d3b63067f1e3953cd6b
 DEBUG [d750abd8] Finished in 0.006 seconds with exit status 0 (successful).
 DEBUG [67a5ac1e] Running if test ! -d /var/www/html/releases/20210114061228; then echo "Directory does not exist '/var/www/html/releases/20210114061228'" 1>&2; false; fi as vagrant@verification-cap-puma
 DEBUG [67a5ac1e] Command: if test ! -d /var/www/html/releases/20210114061228; then echo "Directory does not exist '/var/www/html/releases/20210114061228'" 1>&2; false; fi
 DEBUG [67a5ac1e] Finished in 0.003 seconds with exit status 0 (successful).
  INFO [5c0ffc76] Running /usr/bin/env echo "dbcff87a974dcb0696645d3b63067f1e3953cd6b" > REVISION as vagrant@verification-cap-puma
 DEBUG [5c0ffc76] Command: cd /var/www/html/releases/20210114061228 && /usr/bin/env echo "dbcff87a974dcb0696645d3b63067f1e3953cd6b" > REVISION
  INFO [5c0ffc76] Finished in 0.004 seconds with exit status 0 (successful).
 DEBUG [64fcdfb4] Running if test ! -d /var/www/html/releases/20210114061228; then echo "Directory does not exist '/var/www/html/releases/20210114061228'" 1>&2; false; fi as vagrant@verification-cap-puma
 DEBUG [64fcdfb4] Command: if test ! -d /var/www/html/releases/20210114061228; then echo "Directory does not exist '/var/www/html/releases/20210114061228'" 1>&2; false; fi
 DEBUG [64fcdfb4] Finished in 0.004 seconds with exit status 0 (successful).
  INFO [c110e0a4] Running /usr/bin/env bundle config --local deployment true as vagrant@verification-cap-puma
 DEBUG [c110e0a4] Command: cd /var/www/html/releases/20210114061228 && /usr/bin/env bundle config --local deployment true
 DEBUG [c110e0a4] 	/usr/bin/env: ‘bundle’: No such file or directory
  INFO ---------------------------------------------------------------------------
  INFO START 2021-01-14 15:17:15 +0900 cap production deploy
  INFO ---------------------------------------------------------------------------
  INFO rbenv: rbenv_ruby is not set; ruby version will be defined by the remote hosts via rbenv
  INFO [c0f28338] Running /usr/bin/env mkdir -p /tmp as vagrant@verification-cap-puma
 DEBUG [c0f28338] Command: ( export RBENV_ROOT="/Users/suzuki_toru/.rbenv" RBENV_VERSION="" ; /usr/bin/env mkdir -p /tmp )
  INFO [c0f28338] Finished in 0.448 seconds with exit status 0 (successful).
 DEBUG Uploading /tmp/git-ssh-verification-cap-puma-production-suzuki_toru.sh 0.0%
  INFO Uploading /tmp/git-ssh-verification-cap-puma-production-suzuki_toru.sh 100.0%
  INFO [f18ce24b] Running /usr/bin/env chmod 700 /tmp/git-ssh-verification-cap-puma-production-suzuki_toru.sh as vagrant@verification-cap-puma
 DEBUG [f18ce24b] Command: ( export RBENV_ROOT="/Users/suzuki_toru/.rbenv" RBENV_VERSION="" ; /usr/bin/env chmod 700 /tmp/git-ssh-verification-cap-puma-production-suzuki_toru.sh )
  INFO [f18ce24b] Finished in 0.006 seconds with exit status 0 (successful).
  INFO [50dafe2d] Running /usr/bin/env git ls-remote git@github.com:loasnir/verification-cap-puma.git HEAD as vagrant@verification-cap-puma
 DEBUG [50dafe2d] Command: ( export RBENV_ROOT="/Users/suzuki_toru/.rbenv" RBENV_VERSION="" GIT_ASKPASS="/bin/echo" GIT_SSH="/tmp/git-ssh-verification-cap-puma-production-suzuki_toru.sh" ; /usr/bin/env git ls-remote git@github.com:loasnir/verification-cap-puma.git HEAD )
 DEBUG [50dafe2d] 	Warning: Permanently added the RSA host key for IP address '13.114.40.48' to the list of known hosts.
 DEBUG [50dafe2d] 	dbcff87a974dcb0696645d3b63067f1e3953cd6b	HEAD
  INFO [50dafe2d] Finished in 2.127 seconds with exit status 0 (successful).
  INFO [9cad3ea3] Running /usr/bin/env mkdir -p /var/www/html/shared /var/www/html/releases as vagrant@verification-cap-puma
 DEBUG [9cad3ea3] Command: ( export RBENV_ROOT="/Users/suzuki_toru/.rbenv" RBENV_VERSION="" ; /usr/bin/env mkdir -p /var/www/html/shared /var/www/html/releases )
  INFO [9cad3ea3] Finished in 0.007 seconds with exit status 0 (successful).
 DEBUG [7531d976] Running [ -f /var/www/html/current/REVISION ] as vagrant@verification-cap-puma
 DEBUG [7531d976] Command: [ -f /var/www/html/current/REVISION ]
 DEBUG [7531d976] Finished in 0.004 seconds with exit status 1 (failed).
 DEBUG [064789fc] Running [ -f /var/www/html/repo/HEAD ] as vagrant@verification-cap-puma
 DEBUG [064789fc] Command: [ -f /var/www/html/repo/HEAD ]
 DEBUG [064789fc] Finished in 0.005 seconds with exit status 0 (successful).
  INFO The repository mirror is at /var/www/html/repo
 DEBUG [9a5f2b78] Running if test ! -d /var/www/html/repo; then echo "Directory does not exist '/var/www/html/repo'" 1>&2; false; fi as vagrant@verification-cap-puma
 DEBUG [9a5f2b78] Command: if test ! -d /var/www/html/repo; then echo "Directory does not exist '/var/www/html/repo'" 1>&2; false; fi
 DEBUG [9a5f2b78] Finished in 0.004 seconds with exit status 0 (successful).
  INFO [44429eca] Running /usr/bin/env git remote set-url origin git@github.com:loasnir/verification-cap-puma.git as vagrant@verification-cap-puma
 DEBUG [44429eca] Command: cd /var/www/html/repo && ( export RBENV_ROOT="/Users/suzuki_toru/.rbenv" RBENV_VERSION="" GIT_ASKPASS="/bin/echo" GIT_SSH="/tmp/git-ssh-verification-cap-puma-production-suzuki_toru.sh" ; /usr/bin/env git remote set-url origin git@github.com:loasnir/verification-cap-puma.git )
  INFO [44429eca] Finished in 0.007 seconds with exit status 0 (successful).
  INFO [36e14bae] Running /usr/bin/env git fetch --depth 1 origin main as vagrant@verification-cap-puma
 DEBUG [36e14bae] Command: cd /var/www/html/repo && ( export RBENV_ROOT="/Users/suzuki_toru/.rbenv" RBENV_VERSION="" GIT_ASKPASS="/bin/echo" GIT_SSH="/tmp/git-ssh-verification-cap-puma-production-suzuki_toru.sh" ; /usr/bin/env git fetch --depth 1 origin main )
 DEBUG [36e14bae] 	From github.com:loasnir/verification-cap-puma
 * branch            main       -> FETCH_HEAD
  INFO [36e14bae] Finished in 2.332 seconds with exit status 0 (successful).
 DEBUG [d0e702fb] Running if test ! -d /var/www/html/repo; then echo "Directory does not exist '/var/www/html/repo'" 1>&2; false; fi as vagrant@verification-cap-puma
 DEBUG [d0e702fb] Command: if test ! -d /var/www/html/repo; then echo "Directory does not exist '/var/www/html/repo'" 1>&2; false; fi
 DEBUG [d0e702fb] Finished in 0.005 seconds with exit status 0 (successful).
  INFO [86b84c93] Running /usr/bin/env mkdir -p /var/www/html/releases/20210114061718 as vagrant@verification-cap-puma
 DEBUG [86b84c93] Command: cd /var/www/html/repo && ( export RBENV_ROOT="/Users/suzuki_toru/.rbenv" RBENV_VERSION="" GIT_ASKPASS="/bin/echo" GIT_SSH="/tmp/git-ssh-verification-cap-puma-production-suzuki_toru.sh" ; /usr/bin/env mkdir -p /var/www/html/releases/20210114061718 )
  INFO [86b84c93] Finished in 0.007 seconds with exit status 0 (successful).
  INFO [0731906e] Running /usr/bin/env git archive main | /usr/bin/env tar -x -f - -C /var/www/html/releases/20210114061718 as vagrant@verification-cap-puma
 DEBUG [0731906e] Command: cd /var/www/html/repo && ( export RBENV_ROOT="/Users/suzuki_toru/.rbenv" RBENV_VERSION="" GIT_ASKPASS="/bin/echo" GIT_SSH="/tmp/git-ssh-verification-cap-puma-production-suzuki_toru.sh" ; /usr/bin/env git archive main | /usr/bin/env tar -x -f - -C /var/www/html/releases/20210114061718 )
  INFO [0731906e] Finished in 0.008 seconds with exit status 0 (successful).
 DEBUG [c6c6d21a] Running if test ! -d /var/www/html/repo; then echo "Directory does not exist '/var/www/html/repo'" 1>&2; false; fi as vagrant@verification-cap-puma
 DEBUG [c6c6d21a] Command: if test ! -d /var/www/html/repo; then echo "Directory does not exist '/var/www/html/repo'" 1>&2; false; fi
 DEBUG [c6c6d21a] Finished in 0.004 seconds with exit status 0 (successful).
 DEBUG [dbbdff2a] Running /usr/bin/env git rev-list --max-count=1 main as vagrant@verification-cap-puma
 DEBUG [dbbdff2a] Command: cd /var/www/html/repo && ( export RBENV_ROOT="/Users/suzuki_toru/.rbenv" RBENV_VERSION="" GIT_ASKPASS="/bin/echo" GIT_SSH="/tmp/git-ssh-verification-cap-puma-production-suzuki_toru.sh" ; /usr/bin/env git rev-list --max-count=1 main )
 DEBUG [dbbdff2a] 	dbcff87a974dcb0696645d3b63067f1e3953cd6b
 DEBUG [dbbdff2a] Finished in 0.007 seconds with exit status 0 (successful).
 DEBUG [709c467a] Running if test ! -d /var/www/html/releases/20210114061718; then echo "Directory does not exist '/var/www/html/releases/20210114061718'" 1>&2; false; fi as vagrant@verification-cap-puma
 DEBUG [709c467a] Command: if test ! -d /var/www/html/releases/20210114061718; then echo "Directory does not exist '/var/www/html/releases/20210114061718'" 1>&2; false; fi
 DEBUG [709c467a] Finished in 0.005 seconds with exit status 0 (successful).
  INFO [3d227c9e] Running /usr/bin/env echo "dbcff87a974dcb0696645d3b63067f1e3953cd6b" > REVISION as vagrant@verification-cap-puma
 DEBUG [3d227c9e] Command: cd /var/www/html/releases/20210114061718 && ( export RBENV_ROOT="/Users/suzuki_toru/.rbenv" RBENV_VERSION="" ; /usr/bin/env echo "dbcff87a974dcb0696645d3b63067f1e3953cd6b" > REVISION )
  INFO [3d227c9e] Finished in 0.006 seconds with exit status 0 (successful).
 DEBUG [2923c4ee] Running if test ! -d /var/www/html/releases/20210114061718; then echo "Directory does not exist '/var/www/html/releases/20210114061718'" 1>&2; false; fi as vagrant@verification-cap-puma
 DEBUG [2923c4ee] Command: if test ! -d /var/www/html/releases/20210114061718; then echo "Directory does not exist '/var/www/html/releases/20210114061718'" 1>&2; false; fi
 DEBUG [2923c4ee] Finished in 0.004 seconds with exit status 0 (successful).
  INFO [d1797fbc] Running RBENV_ROOT=/Users/suzuki_toru/.rbenv /Users/suzuki_toru/.rbenv/bin/rbenv exec bundle config --local deployment true as vagrant@verification-cap-puma
 DEBUG [d1797fbc] Command: cd /var/www/html/releases/20210114061718 && ( export RBENV_ROOT="/Users/suzuki_toru/.rbenv" RBENV_VERSION="" ; RBENV_ROOT=/Users/suzuki_toru/.rbenv /Users/suzuki_toru/.rbenv/bin/rbenv exec bundle config --local deployment true )
 DEBUG [d1797fbc] 	bash: /Users/suzuki_toru/.rbenv/bin/rbenv: No such file or directory
  INFO ---------------------------------------------------------------------------
  INFO START 2021-01-14 15:17:42 +0900 cap production deploy
  INFO ---------------------------------------------------------------------------
  INFO rbenv: rbenv_ruby is not set; ruby version will be defined by the remote hosts via rbenv
  INFO [ea8d9d29] Running /usr/bin/env mkdir -p /tmp as vagrant@verification-cap-puma
 DEBUG [ea8d9d29] Command: ( export RBENV_ROOT="./.rbenv" RBENV_VERSION="" ; /usr/bin/env mkdir -p /tmp )
  INFO [ea8d9d29] Finished in 0.425 seconds with exit status 0 (successful).
 DEBUG Uploading /tmp/git-ssh-verification-cap-puma-production-suzuki_toru.sh 0.0%
  INFO Uploading /tmp/git-ssh-verification-cap-puma-production-suzuki_toru.sh 100.0%
  INFO [b4cb979a] Running /usr/bin/env chmod 700 /tmp/git-ssh-verification-cap-puma-production-suzuki_toru.sh as vagrant@verification-cap-puma
 DEBUG [b4cb979a] Command: ( export RBENV_ROOT="./.rbenv" RBENV_VERSION="" ; /usr/bin/env chmod 700 /tmp/git-ssh-verification-cap-puma-production-suzuki_toru.sh )
  INFO [b4cb979a] Finished in 0.005 seconds with exit status 0 (successful).
  INFO [4f259cbd] Running /usr/bin/env git ls-remote git@github.com:loasnir/verification-cap-puma.git HEAD as vagrant@verification-cap-puma
 DEBUG [4f259cbd] Command: ( export RBENV_ROOT="./.rbenv" RBENV_VERSION="" GIT_ASKPASS="/bin/echo" GIT_SSH="/tmp/git-ssh-verification-cap-puma-production-suzuki_toru.sh" ; /usr/bin/env git ls-remote git@github.com:loasnir/verification-cap-puma.git HEAD )
 DEBUG [4f259cbd] 	dbcff87a974dcb0696645d3b63067f1e3953cd6b	HEAD
  INFO [4f259cbd] Finished in 2.171 seconds with exit status 0 (successful).
  INFO [5f9afd66] Running /usr/bin/env mkdir -p /var/www/html/shared /var/www/html/releases as vagrant@verification-cap-puma
 DEBUG [5f9afd66] Command: ( export RBENV_ROOT="./.rbenv" RBENV_VERSION="" ; /usr/bin/env mkdir -p /var/www/html/shared /var/www/html/releases )
  INFO [5f9afd66] Finished in 0.007 seconds with exit status 0 (successful).
 DEBUG [f65c1808] Running [ -f /var/www/html/current/REVISION ] as vagrant@verification-cap-puma
 DEBUG [f65c1808] Command: [ -f /var/www/html/current/REVISION ]
 DEBUG [f65c1808] Finished in 0.005 seconds with exit status 1 (failed).
 DEBUG [f4ced127] Running [ -f /var/www/html/repo/HEAD ] as vagrant@verification-cap-puma
 DEBUG [f4ced127] Command: [ -f /var/www/html/repo/HEAD ]
 DEBUG [f4ced127] Finished in 0.005 seconds with exit status 0 (successful).
  INFO The repository mirror is at /var/www/html/repo
 DEBUG [65494c74] Running if test ! -d /var/www/html/repo; then echo "Directory does not exist '/var/www/html/repo'" 1>&2; false; fi as vagrant@verification-cap-puma
 DEBUG [65494c74] Command: if test ! -d /var/www/html/repo; then echo "Directory does not exist '/var/www/html/repo'" 1>&2; false; fi
 DEBUG [65494c74] Finished in 0.004 seconds with exit status 0 (successful).
  INFO [1580abd1] Running /usr/bin/env git remote set-url origin git@github.com:loasnir/verification-cap-puma.git as vagrant@verification-cap-puma
 DEBUG [1580abd1] Command: cd /var/www/html/repo && ( export RBENV_ROOT="./.rbenv" RBENV_VERSION="" GIT_ASKPASS="/bin/echo" GIT_SSH="/tmp/git-ssh-verification-cap-puma-production-suzuki_toru.sh" ; /usr/bin/env git remote set-url origin git@github.com:loasnir/verification-cap-puma.git )
  INFO [1580abd1] Finished in 0.012 seconds with exit status 0 (successful).
  INFO [c944661d] Running /usr/bin/env git fetch --depth 1 origin main as vagrant@verification-cap-puma
 DEBUG [c944661d] Command: cd /var/www/html/repo && ( export RBENV_ROOT="./.rbenv" RBENV_VERSION="" GIT_ASKPASS="/bin/echo" GIT_SSH="/tmp/git-ssh-verification-cap-puma-production-suzuki_toru.sh" ; /usr/bin/env git fetch --depth 1 origin main )
 DEBUG [c944661d] 	From github.com:loasnir/verification-cap-puma
 * branch            main       -> FETCH_HEAD
  INFO [c944661d] Finished in 2.288 seconds with exit status 0 (successful).
 DEBUG [b37acc2b] Running if test ! -d /var/www/html/repo; then echo "Directory does not exist '/var/www/html/repo'" 1>&2; false; fi as vagrant@verification-cap-puma
 DEBUG [b37acc2b] Command: if test ! -d /var/www/html/repo; then echo "Directory does not exist '/var/www/html/repo'" 1>&2; false; fi
 DEBUG [b37acc2b] Finished in 0.005 seconds with exit status 0 (successful).
  INFO [c35b993d] Running /usr/bin/env mkdir -p /var/www/html/releases/20210114061745 as vagrant@verification-cap-puma
 DEBUG [c35b993d] Command: cd /var/www/html/repo && ( export RBENV_ROOT="./.rbenv" RBENV_VERSION="" GIT_ASKPASS="/bin/echo" GIT_SSH="/tmp/git-ssh-verification-cap-puma-production-suzuki_toru.sh" ; /usr/bin/env mkdir -p /var/www/html/releases/20210114061745 )
  INFO [c35b993d] Finished in 0.007 seconds with exit status 0 (successful).
  INFO [44aa2ac6] Running /usr/bin/env git archive main | /usr/bin/env tar -x -f - -C /var/www/html/releases/20210114061745 as vagrant@verification-cap-puma
 DEBUG [44aa2ac6] Command: cd /var/www/html/repo && ( export RBENV_ROOT="./.rbenv" RBENV_VERSION="" GIT_ASKPASS="/bin/echo" GIT_SSH="/tmp/git-ssh-verification-cap-puma-production-suzuki_toru.sh" ; /usr/bin/env git archive main | /usr/bin/env tar -x -f - -C /var/www/html/releases/20210114061745 )
  INFO [44aa2ac6] Finished in 0.008 seconds with exit status 0 (successful).
 DEBUG [01c10b3a] Running if test ! -d /var/www/html/repo; then echo "Directory does not exist '/var/www/html/repo'" 1>&2; false; fi as vagrant@verification-cap-puma
 DEBUG [01c10b3a] Command: if test ! -d /var/www/html/repo; then echo "Directory does not exist '/var/www/html/repo'" 1>&2; false; fi
 DEBUG [01c10b3a] Finished in 0.005 seconds with exit status 0 (successful).
 DEBUG [d9cde831] Running /usr/bin/env git rev-list --max-count=1 main as vagrant@verification-cap-puma
 DEBUG [d9cde831] Command: cd /var/www/html/repo && ( export RBENV_ROOT="./.rbenv" RBENV_VERSION="" GIT_ASKPASS="/bin/echo" GIT_SSH="/tmp/git-ssh-verification-cap-puma-production-suzuki_toru.sh" ; /usr/bin/env git rev-list --max-count=1 main )
 DEBUG [d9cde831] 	dbcff87a974dcb0696645d3b63067f1e3953cd6b
 DEBUG [d9cde831] Finished in 0.007 seconds with exit status 0 (successful).
 DEBUG [34c89183] Running if test ! -d /var/www/html/releases/20210114061745; then echo "Directory does not exist '/var/www/html/releases/20210114061745'" 1>&2; false; fi as vagrant@verification-cap-puma
 DEBUG [34c89183] Command: if test ! -d /var/www/html/releases/20210114061745; then echo "Directory does not exist '/var/www/html/releases/20210114061745'" 1>&2; false; fi
 DEBUG [34c89183] Finished in 0.004 seconds with exit status 0 (successful).
  INFO [68cb789f] Running /usr/bin/env echo "dbcff87a974dcb0696645d3b63067f1e3953cd6b" > REVISION as vagrant@verification-cap-puma
 DEBUG [68cb789f] Command: cd /var/www/html/releases/20210114061745 && ( export RBENV_ROOT="./.rbenv" RBENV_VERSION="" ; /usr/bin/env echo "dbcff87a974dcb0696645d3b63067f1e3953cd6b" > REVISION )
  INFO [68cb789f] Finished in 0.007 seconds with exit status 0 (successful).
 DEBUG [9a276f8b] Running if test ! -d /var/www/html/releases/20210114061745; then echo "Directory does not exist '/var/www/html/releases/20210114061745'" 1>&2; false; fi as vagrant@verification-cap-puma
 DEBUG [9a276f8b] Command: if test ! -d /var/www/html/releases/20210114061745; then echo "Directory does not exist '/var/www/html/releases/20210114061745'" 1>&2; false; fi
 DEBUG [9a276f8b] Finished in 0.004 seconds with exit status 0 (successful).
  INFO [e6ebea0a] Running RBENV_ROOT=./.rbenv ./.rbenv/bin/rbenv exec bundle config --local deployment true as vagrant@verification-cap-puma
 DEBUG [e6ebea0a] Command: cd /var/www/html/releases/20210114061745 && ( export RBENV_ROOT="./.rbenv" RBENV_VERSION="" ; RBENV_ROOT=./.rbenv ./.rbenv/bin/rbenv exec bundle config --local deployment true )
 DEBUG [e6ebea0a] 	bash: ./.rbenv/bin/rbenv: No such file or directory
  INFO ---------------------------------------------------------------------------
  INFO START 2021-01-14 15:23:28 +0900 cap production deploy
  INFO ---------------------------------------------------------------------------
  INFO rbenv: rbenv_ruby is not set; ruby version will be defined by the remote hosts via rbenv
  INFO [35541fc0] Running /usr/bin/env mkdir -p /tmp as vagrant@verification-cap-puma
 DEBUG [35541fc0] Command: ( export RBENV_ROOT="/home/vagrant/.rbenv" RBENV_VERSION="" ; /usr/bin/env mkdir -p /tmp )
  INFO [35541fc0] Finished in 0.433 seconds with exit status 0 (successful).
 DEBUG Uploading /tmp/git-ssh-verification-cap-puma-production-suzuki_toru.sh 0.0%
  INFO Uploading /tmp/git-ssh-verification-cap-puma-production-suzuki_toru.sh 100.0%
  INFO [c2eb4c1e] Running /usr/bin/env chmod 700 /tmp/git-ssh-verification-cap-puma-production-suzuki_toru.sh as vagrant@verification-cap-puma
 DEBUG [c2eb4c1e] Command: ( export RBENV_ROOT="/home/vagrant/.rbenv" RBENV_VERSION="" ; /usr/bin/env chmod 700 /tmp/git-ssh-verification-cap-puma-production-suzuki_toru.sh )
  INFO [c2eb4c1e] Finished in 0.005 seconds with exit status 0 (successful).
  INFO [67ac98c3] Running /usr/bin/env git ls-remote git@github.com:loasnir/verification-cap-puma.git HEAD as vagrant@verification-cap-puma
 DEBUG [67ac98c3] Command: ( export RBENV_ROOT="/home/vagrant/.rbenv" RBENV_VERSION="" GIT_ASKPASS="/bin/echo" GIT_SSH="/tmp/git-ssh-verification-cap-puma-production-suzuki_toru.sh" ; /usr/bin/env git ls-remote git@github.com:loasnir/verification-cap-puma.git HEAD )
 DEBUG [67ac98c3] 	dbcff87a974dcb0696645d3b63067f1e3953cd6b	HEAD
  INFO [67ac98c3] Finished in 2.089 seconds with exit status 0 (successful).
  INFO [0ee1745e] Running /usr/bin/env mkdir -p /var/www/html/shared /var/www/html/releases as vagrant@verification-cap-puma
 DEBUG [0ee1745e] Command: ( export RBENV_ROOT="/home/vagrant/.rbenv" RBENV_VERSION="" ; /usr/bin/env mkdir -p /var/www/html/shared /var/www/html/releases )
  INFO [0ee1745e] Finished in 0.007 seconds with exit status 0 (successful).
 DEBUG [7ec044c1] Running [ -f /var/www/html/current/REVISION ] as vagrant@verification-cap-puma
 DEBUG [7ec044c1] Command: [ -f /var/www/html/current/REVISION ]
 DEBUG [7ec044c1] Finished in 0.006 seconds with exit status 1 (failed).
 DEBUG [f08ffd56] Running [ -f /var/www/html/repo/HEAD ] as vagrant@verification-cap-puma
 DEBUG [f08ffd56] Command: [ -f /var/www/html/repo/HEAD ]
 DEBUG [f08ffd56] Finished in 0.005 seconds with exit status 0 (successful).
  INFO The repository mirror is at /var/www/html/repo
 DEBUG [3de43b51] Running if test ! -d /var/www/html/repo; then echo "Directory does not exist '/var/www/html/repo'" 1>&2; false; fi as vagrant@verification-cap-puma
 DEBUG [3de43b51] Command: if test ! -d /var/www/html/repo; then echo "Directory does not exist '/var/www/html/repo'" 1>&2; false; fi
 DEBUG [3de43b51] Finished in 0.004 seconds with exit status 0 (successful).
  INFO [fc532411] Running /usr/bin/env git remote set-url origin git@github.com:loasnir/verification-cap-puma.git as vagrant@verification-cap-puma
 DEBUG [fc532411] Command: cd /var/www/html/repo && ( export RBENV_ROOT="/home/vagrant/.rbenv" RBENV_VERSION="" GIT_ASKPASS="/bin/echo" GIT_SSH="/tmp/git-ssh-verification-cap-puma-production-suzuki_toru.sh" ; /usr/bin/env git remote set-url origin git@github.com:loasnir/verification-cap-puma.git )
  INFO [fc532411] Finished in 0.008 seconds with exit status 0 (successful).
  INFO [8aeff1d0] Running /usr/bin/env git fetch --depth 1 origin main as vagrant@verification-cap-puma
 DEBUG [8aeff1d0] Command: cd /var/www/html/repo && ( export RBENV_ROOT="/home/vagrant/.rbenv" RBENV_VERSION="" GIT_ASKPASS="/bin/echo" GIT_SSH="/tmp/git-ssh-verification-cap-puma-production-suzuki_toru.sh" ; /usr/bin/env git fetch --depth 1 origin main )
 DEBUG [8aeff1d0] 	From github.com:loasnir/verification-cap-puma
 * branch            main       -> FETCH_HEAD
  INFO [8aeff1d0] Finished in 2.428 seconds with exit status 0 (successful).
 DEBUG [9dfeca99] Running if test ! -d /var/www/html/repo; then echo "Directory does not exist '/var/www/html/repo'" 1>&2; false; fi as vagrant@verification-cap-puma
 DEBUG [9dfeca99] Command: if test ! -d /var/www/html/repo; then echo "Directory does not exist '/var/www/html/repo'" 1>&2; false; fi
 DEBUG [9dfeca99] Finished in 0.005 seconds with exit status 0 (successful).
  INFO [7379179d] Running /usr/bin/env mkdir -p /var/www/html/releases/20210114062331 as vagrant@verification-cap-puma
 DEBUG [7379179d] Command: cd /var/www/html/repo && ( export RBENV_ROOT="/home/vagrant/.rbenv" RBENV_VERSION="" GIT_ASKPASS="/bin/echo" GIT_SSH="/tmp/git-ssh-verification-cap-puma-production-suzuki_toru.sh" ; /usr/bin/env mkdir -p /var/www/html/releases/20210114062331 )
  INFO [7379179d] Finished in 0.007 seconds with exit status 0 (successful).
  INFO [b0a2cb67] Running /usr/bin/env git archive main | /usr/bin/env tar -x -f - -C /var/www/html/releases/20210114062331 as vagrant@verification-cap-puma
 DEBUG [b0a2cb67] Command: cd /var/www/html/repo && ( export RBENV_ROOT="/home/vagrant/.rbenv" RBENV_VERSION="" GIT_ASKPASS="/bin/echo" GIT_SSH="/tmp/git-ssh-verification-cap-puma-production-suzuki_toru.sh" ; /usr/bin/env git archive main | /usr/bin/env tar -x -f - -C /var/www/html/releases/20210114062331 )
  INFO [b0a2cb67] Finished in 0.009 seconds with exit status 0 (successful).
 DEBUG [5dec3add] Running if test ! -d /var/www/html/repo; then echo "Directory does not exist '/var/www/html/repo'" 1>&2; false; fi as vagrant@verification-cap-puma
 DEBUG [5dec3add] Command: if test ! -d /var/www/html/repo; then echo "Directory does not exist '/var/www/html/repo'" 1>&2; false; fi
 DEBUG [5dec3add] Finished in 0.004 seconds with exit status 0 (successful).
 DEBUG [8f130f92] Running /usr/bin/env git rev-list --max-count=1 main as vagrant@verification-cap-puma
 DEBUG [8f130f92] Command: cd /var/www/html/repo && ( export RBENV_ROOT="/home/vagrant/.rbenv" RBENV_VERSION="" GIT_ASKPASS="/bin/echo" GIT_SSH="/tmp/git-ssh-verification-cap-puma-production-suzuki_toru.sh" ; /usr/bin/env git rev-list --max-count=1 main )
 DEBUG [8f130f92] 	dbcff87a974dcb0696645d3b63067f1e3953cd6b
 DEBUG [8f130f92] Finished in 0.007 seconds with exit status 0 (successful).
 DEBUG [b4a4c393] Running if test ! -d /var/www/html/releases/20210114062331; then echo "Directory does not exist '/var/www/html/releases/20210114062331'" 1>&2; false; fi as vagrant@verification-cap-puma
 DEBUG [b4a4c393] Command: if test ! -d /var/www/html/releases/20210114062331; then echo "Directory does not exist '/var/www/html/releases/20210114062331'" 1>&2; false; fi
 DEBUG [b4a4c393] Finished in 0.005 seconds with exit status 0 (successful).
  INFO [7f16d5ad] Running /usr/bin/env echo "dbcff87a974dcb0696645d3b63067f1e3953cd6b" > REVISION as vagrant@verification-cap-puma
 DEBUG [7f16d5ad] Command: cd /var/www/html/releases/20210114062331 && ( export RBENV_ROOT="/home/vagrant/.rbenv" RBENV_VERSION="" ; /usr/bin/env echo "dbcff87a974dcb0696645d3b63067f1e3953cd6b" > REVISION )
  INFO [7f16d5ad] Finished in 0.007 seconds with exit status 0 (successful).
 DEBUG [aa9a0d71] Running if test ! -d /var/www/html/releases/20210114062331; then echo "Directory does not exist '/var/www/html/releases/20210114062331'" 1>&2; false; fi as vagrant@verification-cap-puma
 DEBUG [aa9a0d71] Command: if test ! -d /var/www/html/releases/20210114062331; then echo "Directory does not exist '/var/www/html/releases/20210114062331'" 1>&2; false; fi
 DEBUG [aa9a0d71] Finished in 0.004 seconds with exit status 0 (successful).
  INFO [0a2c5e25] Running RBENV_ROOT=/home/vagrant/.rbenv /home/vagrant/.rbenv/bin/rbenv exec bundle config --local deployment true as vagrant@verification-cap-puma
 DEBUG [0a2c5e25] Command: cd /var/www/html/releases/20210114062331 && ( export RBENV_ROOT="/home/vagrant/.rbenv" RBENV_VERSION="" ; RBENV_ROOT=/home/vagrant/.rbenv /home/vagrant/.rbenv/bin/rbenv exec bundle config --local deployment true )
  INFO [0a2c5e25] Finished in 0.160 seconds with exit status 0 (successful).
  INFO [a82a35a5] Running RBENV_ROOT=/home/vagrant/.rbenv /home/vagrant/.rbenv/bin/rbenv exec bundle config --local path ./vendor/bundle as vagrant@verification-cap-puma
 DEBUG [a82a35a5] Command: cd /var/www/html/releases/20210114062331 && ( export RBENV_ROOT="/home/vagrant/.rbenv" RBENV_VERSION="" ; RBENV_ROOT=/home/vagrant/.rbenv /home/vagrant/.rbenv/bin/rbenv exec bundle config --local path ./vendor/bundle )
  INFO [a82a35a5] Finished in 0.147 seconds with exit status 0 (successful).
  INFO [ef118ee1] Running RBENV_ROOT=/home/vagrant/.rbenv /home/vagrant/.rbenv/bin/rbenv exec bundle config --local without deployment as vagrant@verification-cap-puma
 DEBUG [ef118ee1] Command: cd /var/www/html/releases/20210114062331 && ( export RBENV_ROOT="/home/vagrant/.rbenv" RBENV_VERSION="" ; RBENV_ROOT=/home/vagrant/.rbenv /home/vagrant/.rbenv/bin/rbenv exec bundle config --local without deployment )
  INFO [ef118ee1] Finished in 0.146 seconds with exit status 0 (successful).
 DEBUG [b45f0780] Running if test ! -d /var/www/html/releases/20210114062331; then echo "Directory does not exist '/var/www/html/releases/20210114062331'" 1>&2; false; fi as vagrant@verification-cap-puma
 DEBUG [b45f0780] Command: if test ! -d /var/www/html/releases/20210114062331; then echo "Directory does not exist '/var/www/html/releases/20210114062331'" 1>&2; false; fi
 DEBUG [b45f0780] Finished in 0.003 seconds with exit status 0 (successful).
 DEBUG [2e3d6e69] Running RBENV_ROOT=/home/vagrant/.rbenv /home/vagrant/.rbenv/bin/rbenv exec bundle check as vagrant@verification-cap-puma
 DEBUG [2e3d6e69] Command: cd /var/www/html/releases/20210114062331 && ( export RBENV_ROOT="/home/vagrant/.rbenv" RBENV_VERSION="" ; RBENV_ROOT=/home/vagrant/.rbenv /home/vagrant/.rbenv/bin/rbenv exec bundle check )
 DEBUG [2e3d6e69] 	Could not locate Gemfile
 DEBUG [2e3d6e69] Finished in 0.169 seconds with exit status 10 (failed).
  INFO [8f15602e] Running RBENV_ROOT=/home/vagrant/.rbenv /home/vagrant/.rbenv/bin/rbenv exec bundle install --jobs 4 --production --quiet as vagrant@verification-cap-puma
 DEBUG [8f15602e] Command: cd /var/www/html/releases/20210114062331 && ( export RBENV_ROOT="/home/vagrant/.rbenv" RBENV_VERSION="" ; RBENV_ROOT=/home/vagrant/.rbenv /home/vagrant/.rbenv/bin/rbenv exec bundle install --jobs 4 --production --quiet )
 DEBUG [8f15602e] 	Unknown switches "--production"
  INFO ---------------------------------------------------------------------------
  INFO START 2021-01-14 15:24:04 +0900 cap production deploy
  INFO ---------------------------------------------------------------------------
  INFO rbenv: rbenv_ruby is not set; ruby version will be defined by the remote hosts via rbenv
  INFO [b2102802] Running /usr/bin/env mkdir -p /tmp as vagrant@verification-cap-puma
 DEBUG [b2102802] Command: ( export RBENV_ROOT="/home/vagrant/.rbenv" RBENV_VERSION="" ; /usr/bin/env mkdir -p /tmp )
  INFO [b2102802] Finished in 0.443 seconds with exit status 0 (successful).
 DEBUG Uploading /tmp/git-ssh-verification-cap-puma-production-suzuki_toru.sh 0.0%
  INFO Uploading /tmp/git-ssh-verification-cap-puma-production-suzuki_toru.sh 100.0%
  INFO [8f2de606] Running /usr/bin/env chmod 700 /tmp/git-ssh-verification-cap-puma-production-suzuki_toru.sh as vagrant@verification-cap-puma
 DEBUG [8f2de606] Command: ( export RBENV_ROOT="/home/vagrant/.rbenv" RBENV_VERSION="" ; /usr/bin/env chmod 700 /tmp/git-ssh-verification-cap-puma-production-suzuki_toru.sh )
  INFO [8f2de606] Finished in 0.005 seconds with exit status 0 (successful).
  INFO [8ee8e5d3] Running /usr/bin/env git ls-remote git@github.com:loasnir/verification-cap-puma.git HEAD as vagrant@verification-cap-puma
 DEBUG [8ee8e5d3] Command: ( export RBENV_ROOT="/home/vagrant/.rbenv" RBENV_VERSION="" GIT_ASKPASS="/bin/echo" GIT_SSH="/tmp/git-ssh-verification-cap-puma-production-suzuki_toru.sh" ; /usr/bin/env git ls-remote git@github.com:loasnir/verification-cap-puma.git HEAD )
 DEBUG [8ee8e5d3] 	dbcff87a974dcb0696645d3b63067f1e3953cd6b	HEAD
  INFO [8ee8e5d3] Finished in 2.063 seconds with exit status 0 (successful).
  INFO [f774812e] Running /usr/bin/env mkdir -p /var/www/html/shared /var/www/html/releases as vagrant@verification-cap-puma
 DEBUG [f774812e] Command: ( export RBENV_ROOT="/home/vagrant/.rbenv" RBENV_VERSION="" ; /usr/bin/env mkdir -p /var/www/html/shared /var/www/html/releases )
  INFO [f774812e] Finished in 0.007 seconds with exit status 0 (successful).
 DEBUG [ef417013] Running [ -f /var/www/html/current/REVISION ] as vagrant@verification-cap-puma
 DEBUG [ef417013] Command: [ -f /var/www/html/current/REVISION ]
 DEBUG [ef417013] Finished in 0.006 seconds with exit status 1 (failed).
 DEBUG [269dc945] Running [ -f /var/www/html/repo/HEAD ] as vagrant@verification-cap-puma
 DEBUG [269dc945] Command: [ -f /var/www/html/repo/HEAD ]
 DEBUG [269dc945] Finished in 0.004 seconds with exit status 0 (successful).
  INFO The repository mirror is at /var/www/html/repo
 DEBUG [331e9933] Running if test ! -d /var/www/html/repo; then echo "Directory does not exist '/var/www/html/repo'" 1>&2; false; fi as vagrant@verification-cap-puma
 DEBUG [331e9933] Command: if test ! -d /var/www/html/repo; then echo "Directory does not exist '/var/www/html/repo'" 1>&2; false; fi
 DEBUG [331e9933] Finished in 0.004 seconds with exit status 0 (successful).
  INFO [b28b33af] Running /usr/bin/env git remote set-url origin git@github.com:loasnir/verification-cap-puma.git as vagrant@verification-cap-puma
 DEBUG [b28b33af] Command: cd /var/www/html/repo && ( export RBENV_ROOT="/home/vagrant/.rbenv" RBENV_VERSION="" GIT_ASKPASS="/bin/echo" GIT_SSH="/tmp/git-ssh-verification-cap-puma-production-suzuki_toru.sh" ; /usr/bin/env git remote set-url origin git@github.com:loasnir/verification-cap-puma.git )
  INFO [b28b33af] Finished in 0.008 seconds with exit status 0 (successful).
  INFO [16716144] Running /usr/bin/env git fetch --depth 1 origin main as vagrant@verification-cap-puma
 DEBUG [16716144] Command: cd /var/www/html/repo && ( export RBENV_ROOT="/home/vagrant/.rbenv" RBENV_VERSION="" GIT_ASKPASS="/bin/echo" GIT_SSH="/tmp/git-ssh-verification-cap-puma-production-suzuki_toru.sh" ; /usr/bin/env git fetch --depth 1 origin main )
 DEBUG [16716144] 	From github.com:loasnir/verification-cap-puma
 * branch            main       -> FETCH_HEAD
  INFO [16716144] Finished in 2.364 seconds with exit status 0 (successful).
 DEBUG [02ed7a40] Running if test ! -d /var/www/html/repo; then echo "Directory does not exist '/var/www/html/repo'" 1>&2; false; fi as vagrant@verification-cap-puma
 DEBUG [02ed7a40] Command: if test ! -d /var/www/html/repo; then echo "Directory does not exist '/var/www/html/repo'" 1>&2; false; fi
 DEBUG [02ed7a40] Finished in 0.005 seconds with exit status 0 (successful).
  INFO [df53b704] Running /usr/bin/env mkdir -p /var/www/html/releases/20210114062406 as vagrant@verification-cap-puma
 DEBUG [df53b704] Command: cd /var/www/html/repo && ( export RBENV_ROOT="/home/vagrant/.rbenv" RBENV_VERSION="" GIT_ASKPASS="/bin/echo" GIT_SSH="/tmp/git-ssh-verification-cap-puma-production-suzuki_toru.sh" ; /usr/bin/env mkdir -p /var/www/html/releases/20210114062406 )
  INFO [df53b704] Finished in 0.007 seconds with exit status 0 (successful).
  INFO [bd5b6b2d] Running /usr/bin/env git archive main | /usr/bin/env tar -x -f - -C /var/www/html/releases/20210114062406 as vagrant@verification-cap-puma
 DEBUG [bd5b6b2d] Command: cd /var/www/html/repo && ( export RBENV_ROOT="/home/vagrant/.rbenv" RBENV_VERSION="" GIT_ASKPASS="/bin/echo" GIT_SSH="/tmp/git-ssh-verification-cap-puma-production-suzuki_toru.sh" ; /usr/bin/env git archive main | /usr/bin/env tar -x -f - -C /var/www/html/releases/20210114062406 )
  INFO [bd5b6b2d] Finished in 0.009 seconds with exit status 0 (successful).
 DEBUG [589e0949] Running if test ! -d /var/www/html/repo; then echo "Directory does not exist '/var/www/html/repo'" 1>&2; false; fi as vagrant@verification-cap-puma
 DEBUG [589e0949] Command: if test ! -d /var/www/html/repo; then echo "Directory does not exist '/var/www/html/repo'" 1>&2; false; fi
 DEBUG [589e0949] Finished in 0.004 seconds with exit status 0 (successful).
 DEBUG [d9de82e3] Running /usr/bin/env git rev-list --max-count=1 main as vagrant@verification-cap-puma
 DEBUG [d9de82e3] Command: cd /var/www/html/repo && ( export RBENV_ROOT="/home/vagrant/.rbenv" RBENV_VERSION="" GIT_ASKPASS="/bin/echo" GIT_SSH="/tmp/git-ssh-verification-cap-puma-production-suzuki_toru.sh" ; /usr/bin/env git rev-list --max-count=1 main )
 DEBUG [d9de82e3] 	dbcff87a974dcb0696645d3b63067f1e3953cd6b
 DEBUG [d9de82e3] Finished in 0.007 seconds with exit status 0 (successful).
 DEBUG [838349e6] Running if test ! -d /var/www/html/releases/20210114062406; then echo "Directory does not exist '/var/www/html/releases/20210114062406'" 1>&2; false; fi as vagrant@verification-cap-puma
 DEBUG [838349e6] Command: if test ! -d /var/www/html/releases/20210114062406; then echo "Directory does not exist '/var/www/html/releases/20210114062406'" 1>&2; false; fi
 DEBUG [838349e6] Finished in 0.004 seconds with exit status 0 (successful).
  INFO [09c2d9ca] Running /usr/bin/env echo "dbcff87a974dcb0696645d3b63067f1e3953cd6b" > REVISION as vagrant@verification-cap-puma
 DEBUG [09c2d9ca] Command: cd /var/www/html/releases/20210114062406 && ( export RBENV_ROOT="/home/vagrant/.rbenv" RBENV_VERSION="" ; /usr/bin/env echo "dbcff87a974dcb0696645d3b63067f1e3953cd6b" > REVISION )
  INFO [09c2d9ca] Finished in 0.006 seconds with exit status 0 (successful).
 DEBUG [e0893f8c] Running if test ! -d /var/www/html/releases/20210114062406; then echo "Directory does not exist '/var/www/html/releases/20210114062406'" 1>&2; false; fi as vagrant@verification-cap-puma
 DEBUG [e0893f8c] Command: if test ! -d /var/www/html/releases/20210114062406; then echo "Directory does not exist '/var/www/html/releases/20210114062406'" 1>&2; false; fi
 DEBUG [e0893f8c] Finished in 0.004 seconds with exit status 0 (successful).
  INFO [ac12a151] Running RBENV_ROOT=/home/vagrant/.rbenv /home/vagrant/.rbenv/bin/rbenv exec bundle config --local deployment true as vagrant@verification-cap-puma
 DEBUG [ac12a151] Command: cd /var/www/html/releases/20210114062406 && ( export RBENV_ROOT="/home/vagrant/.rbenv" RBENV_VERSION="" ; RBENV_ROOT=/home/vagrant/.rbenv /home/vagrant/.rbenv/bin/rbenv exec bundle config --local deployment true )
  INFO [ac12a151] Finished in 0.158 seconds with exit status 0 (successful).
  INFO [49fa2155] Running RBENV_ROOT=/home/vagrant/.rbenv /home/vagrant/.rbenv/bin/rbenv exec bundle config --local path ./vendor/bundle as vagrant@verification-cap-puma
 DEBUG [49fa2155] Command: cd /var/www/html/releases/20210114062406 && ( export RBENV_ROOT="/home/vagrant/.rbenv" RBENV_VERSION="" ; RBENV_ROOT=/home/vagrant/.rbenv /home/vagrant/.rbenv/bin/rbenv exec bundle config --local path ./vendor/bundle )
  INFO [49fa2155] Finished in 0.143 seconds with exit status 0 (successful).
  INFO [b165b2cd] Running RBENV_ROOT=/home/vagrant/.rbenv /home/vagrant/.rbenv/bin/rbenv exec bundle config --local without deployment as vagrant@verification-cap-puma
 DEBUG [b165b2cd] Command: cd /var/www/html/releases/20210114062406 && ( export RBENV_ROOT="/home/vagrant/.rbenv" RBENV_VERSION="" ; RBENV_ROOT=/home/vagrant/.rbenv /home/vagrant/.rbenv/bin/rbenv exec bundle config --local without deployment )
  INFO [b165b2cd] Finished in 0.144 seconds with exit status 0 (successful).
 DEBUG [091ed8dc] Running if test ! -d /var/www/html/releases/20210114062406; then echo "Directory does not exist '/var/www/html/releases/20210114062406'" 1>&2; false; fi as vagrant@verification-cap-puma
 DEBUG [091ed8dc] Command: if test ! -d /var/www/html/releases/20210114062406; then echo "Directory does not exist '/var/www/html/releases/20210114062406'" 1>&2; false; fi
 DEBUG [091ed8dc] Finished in 0.004 seconds with exit status 0 (successful).
 DEBUG [58793d73] Running RBENV_ROOT=/home/vagrant/.rbenv /home/vagrant/.rbenv/bin/rbenv exec bundle check as vagrant@verification-cap-puma
 DEBUG [58793d73] Command: cd /var/www/html/releases/20210114062406 && ( export RBENV_ROOT="/home/vagrant/.rbenv" RBENV_VERSION="" ; RBENV_ROOT=/home/vagrant/.rbenv /home/vagrant/.rbenv/bin/rbenv exec bundle check )
 DEBUG [58793d73] 	Could not locate Gemfile
 DEBUG [58793d73] Finished in 0.156 seconds with exit status 10 (failed).
  INFO [1530f533] Running RBENV_ROOT=/home/vagrant/.rbenv /home/vagrant/.rbenv/bin/rbenv exec bundle install --jobs 4 --quiet as vagrant@verification-cap-puma
 DEBUG [1530f533] Command: cd /var/www/html/releases/20210114062406 && ( export RBENV_ROOT="/home/vagrant/.rbenv" RBENV_VERSION="" ; RBENV_ROOT=/home/vagrant/.rbenv /home/vagrant/.rbenv/bin/rbenv exec bundle install --jobs 4 --quiet )
 DEBUG [1530f533] 	Could not locate Gemfile
  INFO ---------------------------------------------------------------------------
  INFO START 2021-01-14 15:24:48 +0900 cap production deploy
  INFO ---------------------------------------------------------------------------
  INFO rbenv: rbenv_ruby is not set; ruby version will be defined by the remote hosts via rbenv
  INFO [361fefe4] Running /usr/bin/env mkdir -p /tmp as vagrant@verification-cap-puma
 DEBUG [361fefe4] Command: ( export RBENV_ROOT="/home/vagrant/.rbenv" RBENV_VERSION="" ; /usr/bin/env mkdir -p /tmp )
  INFO [361fefe4] Finished in 0.463 seconds with exit status 0 (successful).
 DEBUG Uploading /tmp/git-ssh-verification-cap-puma-production-suzuki_toru.sh 0.0%
  INFO Uploading /tmp/git-ssh-verification-cap-puma-production-suzuki_toru.sh 100.0%
  INFO [274bee2b] Running /usr/bin/env chmod 700 /tmp/git-ssh-verification-cap-puma-production-suzuki_toru.sh as vagrant@verification-cap-puma
 DEBUG [274bee2b] Command: ( export RBENV_ROOT="/home/vagrant/.rbenv" RBENV_VERSION="" ; /usr/bin/env chmod 700 /tmp/git-ssh-verification-cap-puma-production-suzuki_toru.sh )
  INFO [274bee2b] Finished in 0.006 seconds with exit status 0 (successful).
  INFO [6aeb2fcd] Running /usr/bin/env git ls-remote git@github.com:loasnir/verification-cap-puma.git HEAD as vagrant@verification-cap-puma
 DEBUG [6aeb2fcd] Command: ( export RBENV_ROOT="/home/vagrant/.rbenv" RBENV_VERSION="" GIT_ASKPASS="/bin/echo" GIT_SSH="/tmp/git-ssh-verification-cap-puma-production-suzuki_toru.sh" ; /usr/bin/env git ls-remote git@github.com:loasnir/verification-cap-puma.git HEAD )
 DEBUG [6aeb2fcd] 	b33c6ea980387ae4a27c1fb87626f8ba1efa754d	HEAD
  INFO [6aeb2fcd] Finished in 2.029 seconds with exit status 0 (successful).
  INFO [94da8072] Running /usr/bin/env mkdir -p /var/www/html/shared /var/www/html/releases as vagrant@verification-cap-puma
 DEBUG [94da8072] Command: ( export RBENV_ROOT="/home/vagrant/.rbenv" RBENV_VERSION="" ; /usr/bin/env mkdir -p /var/www/html/shared /var/www/html/releases )
  INFO [94da8072] Finished in 0.008 seconds with exit status 0 (successful).
 DEBUG [c5406470] Running [ -f /var/www/html/current/REVISION ] as vagrant@verification-cap-puma
 DEBUG [c5406470] Command: [ -f /var/www/html/current/REVISION ]
 DEBUG [c5406470] Finished in 0.006 seconds with exit status 1 (failed).
 DEBUG [66f6bf1c] Running [ -f /var/www/html/repo/HEAD ] as vagrant@verification-cap-puma
 DEBUG [66f6bf1c] Command: [ -f /var/www/html/repo/HEAD ]
 DEBUG [66f6bf1c] Finished in 0.004 seconds with exit status 0 (successful).
  INFO The repository mirror is at /var/www/html/repo
 DEBUG [51aaebe0] Running if test ! -d /var/www/html/repo; then echo "Directory does not exist '/var/www/html/repo'" 1>&2; false; fi as vagrant@verification-cap-puma
 DEBUG [51aaebe0] Command: if test ! -d /var/www/html/repo; then echo "Directory does not exist '/var/www/html/repo'" 1>&2; false; fi
 DEBUG [51aaebe0] Finished in 0.004 seconds with exit status 0 (successful).
  INFO [bd6ad926] Running /usr/bin/env git remote set-url origin git@github.com:loasnir/verification-cap-puma.git as vagrant@verification-cap-puma
 DEBUG [bd6ad926] Command: cd /var/www/html/repo && ( export RBENV_ROOT="/home/vagrant/.rbenv" RBENV_VERSION="" GIT_ASKPASS="/bin/echo" GIT_SSH="/tmp/git-ssh-verification-cap-puma-production-suzuki_toru.sh" ; /usr/bin/env git remote set-url origin git@github.com:loasnir/verification-cap-puma.git )
  INFO [bd6ad926] Finished in 0.008 seconds with exit status 0 (successful).
  INFO [c7ad84dd] Running /usr/bin/env git fetch --depth 1 origin main as vagrant@verification-cap-puma
 DEBUG [c7ad84dd] Command: cd /var/www/html/repo && ( export RBENV_ROOT="/home/vagrant/.rbenv" RBENV_VERSION="" GIT_ASKPASS="/bin/echo" GIT_SSH="/tmp/git-ssh-verification-cap-puma-production-suzuki_toru.sh" ; /usr/bin/env git fetch --depth 1 origin main )
 DEBUG [c7ad84dd] 	From github.com:loasnir/verification-cap-puma
 * branch            main       -> FETCH_HEAD
 DEBUG [c7ad84dd] 	 + dbcff87...b33c6ea main       -> main  (forced update)
  INFO [c7ad84dd] Finished in 2.462 seconds with exit status 0 (successful).
 DEBUG [6f939476] Running if test ! -d /var/www/html/repo; then echo "Directory does not exist '/var/www/html/repo'" 1>&2; false; fi as vagrant@verification-cap-puma
 DEBUG [6f939476] Command: if test ! -d /var/www/html/repo; then echo "Directory does not exist '/var/www/html/repo'" 1>&2; false; fi
 DEBUG [6f939476] Finished in 0.005 seconds with exit status 0 (successful).
  INFO [8d43818d] Running /usr/bin/env mkdir -p /var/www/html/releases/20210114062450 as vagrant@verification-cap-puma
 DEBUG [8d43818d] Command: cd /var/www/html/repo && ( export RBENV_ROOT="/home/vagrant/.rbenv" RBENV_VERSION="" GIT_ASKPASS="/bin/echo" GIT_SSH="/tmp/git-ssh-verification-cap-puma-production-suzuki_toru.sh" ; /usr/bin/env mkdir -p /var/www/html/releases/20210114062450 )
  INFO [8d43818d] Finished in 0.007 seconds with exit status 0 (successful).
  INFO [2dab118b] Running /usr/bin/env git archive main | /usr/bin/env tar -x -f - -C /var/www/html/releases/20210114062450 as vagrant@verification-cap-puma
 DEBUG [2dab118b] Command: cd /var/www/html/repo && ( export RBENV_ROOT="/home/vagrant/.rbenv" RBENV_VERSION="" GIT_ASKPASS="/bin/echo" GIT_SSH="/tmp/git-ssh-verification-cap-puma-production-suzuki_toru.sh" ; /usr/bin/env git archive main | /usr/bin/env tar -x -f - -C /var/www/html/releases/20210114062450 )
  INFO [2dab118b] Finished in 0.009 seconds with exit status 0 (successful).
 DEBUG [69828f6d] Running if test ! -d /var/www/html/repo; then echo "Directory does not exist '/var/www/html/repo'" 1>&2; false; fi as vagrant@verification-cap-puma
 DEBUG [69828f6d] Command: if test ! -d /var/www/html/repo; then echo "Directory does not exist '/var/www/html/repo'" 1>&2; false; fi
 DEBUG [69828f6d] Finished in 0.004 seconds with exit status 0 (successful).
 DEBUG [15ee18e0] Running /usr/bin/env git rev-list --max-count=1 main as vagrant@verification-cap-puma
 DEBUG [15ee18e0] Command: cd /var/www/html/repo && ( export RBENV_ROOT="/home/vagrant/.rbenv" RBENV_VERSION="" GIT_ASKPASS="/bin/echo" GIT_SSH="/tmp/git-ssh-verification-cap-puma-production-suzuki_toru.sh" ; /usr/bin/env git rev-list --max-count=1 main )
 DEBUG [15ee18e0] 	b33c6ea980387ae4a27c1fb87626f8ba1efa754d
 DEBUG [15ee18e0] Finished in 0.006 seconds with exit status 0 (successful).
 DEBUG [1dbcf09b] Running if test ! -d /var/www/html/releases/20210114062450; then echo "Directory does not exist '/var/www/html/releases/20210114062450'" 1>&2; false; fi as vagrant@verification-cap-puma
 DEBUG [1dbcf09b] Command: if test ! -d /var/www/html/releases/20210114062450; then echo "Directory does not exist '/var/www/html/releases/20210114062450'" 1>&2; false; fi
 DEBUG [1dbcf09b] Finished in 0.004 seconds with exit status 0 (successful).
  INFO [5d5637fb] Running /usr/bin/env echo "b33c6ea980387ae4a27c1fb87626f8ba1efa754d" > REVISION as vagrant@verification-cap-puma
 DEBUG [5d5637fb] Command: cd /var/www/html/releases/20210114062450 && ( export RBENV_ROOT="/home/vagrant/.rbenv" RBENV_VERSION="" ; /usr/bin/env echo "b33c6ea980387ae4a27c1fb87626f8ba1efa754d" > REVISION )
  INFO [5d5637fb] Finished in 0.006 seconds with exit status 0 (successful).
 DEBUG [5de98b02] Running if test ! -d /var/www/html/releases/20210114062450; then echo "Directory does not exist '/var/www/html/releases/20210114062450'" 1>&2; false; fi as vagrant@verification-cap-puma
 DEBUG [5de98b02] Command: if test ! -d /var/www/html/releases/20210114062450; then echo "Directory does not exist '/var/www/html/releases/20210114062450'" 1>&2; false; fi
 DEBUG [5de98b02] Finished in 0.004 seconds with exit status 0 (successful).
  INFO [96b5da10] Running RBENV_ROOT=/home/vagrant/.rbenv /home/vagrant/.rbenv/bin/rbenv exec bundle config --local deployment true as vagrant@verification-cap-puma
 DEBUG [96b5da10] Command: cd /var/www/html/releases/20210114062450 && ( export RBENV_ROOT="/home/vagrant/.rbenv" RBENV_VERSION="" ; RBENV_ROOT=/home/vagrant/.rbenv /home/vagrant/.rbenv/bin/rbenv exec bundle config --local deployment true )
  INFO [96b5da10] Finished in 0.159 seconds with exit status 0 (successful).
  INFO [13f0b95c] Running RBENV_ROOT=/home/vagrant/.rbenv /home/vagrant/.rbenv/bin/rbenv exec bundle config --local path ./vendor/bundle as vagrant@verification-cap-puma
 DEBUG [13f0b95c] Command: cd /var/www/html/releases/20210114062450 && ( export RBENV_ROOT="/home/vagrant/.rbenv" RBENV_VERSION="" ; RBENV_ROOT=/home/vagrant/.rbenv /home/vagrant/.rbenv/bin/rbenv exec bundle config --local path ./vendor/bundle )
  INFO [13f0b95c] Finished in 0.144 seconds with exit status 0 (successful).
  INFO [1680f059] Running RBENV_ROOT=/home/vagrant/.rbenv /home/vagrant/.rbenv/bin/rbenv exec bundle config --local without deployment as vagrant@verification-cap-puma
 DEBUG [1680f059] Command: cd /var/www/html/releases/20210114062450 && ( export RBENV_ROOT="/home/vagrant/.rbenv" RBENV_VERSION="" ; RBENV_ROOT=/home/vagrant/.rbenv /home/vagrant/.rbenv/bin/rbenv exec bundle config --local without deployment )
  INFO [1680f059] Finished in 0.145 seconds with exit status 0 (successful).
 DEBUG [3cb2aae6] Running if test ! -d /var/www/html/releases/20210114062450; then echo "Directory does not exist '/var/www/html/releases/20210114062450'" 1>&2; false; fi as vagrant@verification-cap-puma
 DEBUG [3cb2aae6] Command: if test ! -d /var/www/html/releases/20210114062450; then echo "Directory does not exist '/var/www/html/releases/20210114062450'" 1>&2; false; fi
 DEBUG [3cb2aae6] Finished in 0.004 seconds with exit status 0 (successful).
 DEBUG [34f6891b] Running RBENV_ROOT=/home/vagrant/.rbenv /home/vagrant/.rbenv/bin/rbenv exec bundle check as vagrant@verification-cap-puma
 DEBUG [34f6891b] Command: cd /var/www/html/releases/20210114062450 && ( export RBENV_ROOT="/home/vagrant/.rbenv" RBENV_VERSION="" ; RBENV_ROOT=/home/vagrant/.rbenv /home/vagrant/.rbenv/bin/rbenv exec bundle check )
 DEBUG [34f6891b] 	The following gems are missing
 DEBUG [34f6891b] 	 * rake (13.0.3)
 DEBUG [34f6891b] 	 * net-ssh (6.1.0)
 DEBUG [34f6891b] 	 * net-scp (3.0.0)
 DEBUG [34f6891b] 	 * sshkit (1.21.1)
 DEBUG [34f6891b] 	 * airbrussh (1.4.0)
 DEBUG [34f6891b] 	 * ast (2.4.1)
 DEBUG [34f6891b] 	 * concurrent-ruby (1.1.7)
 DEBUG [34f6891b] 	 * i18n (1.8.7)
 DEBUG [34f6891b] 	 * capistrano (3.14.1)
 DEBUG [34f6891b] 	 * capistrano-bundler (2.0.1)
 DEBUG [34f6891b] 	 * capistrano-passenger (0.2.0)
 DEBUG [34f6891b] 	 * capistrano-rbenv (2.2.0)
 DEBUG [34f6891b] 	 * nio4r (2.5.4)
 DEBUG [34f6891b] 	 * puma (5.1.1)
 DEBUG [34f6891b] 	 * capistrano3-puma (5.0.2)
 DEBUG [34f6891b] 	 * ruby2_keywords (0.0.2)
 DEBUG [34f6891b] 	 * mustermann (1.1.1)
 DEBUG [34f6891b] 	 * parallel (1.20.1)
 DEBUG [34f6891b] 	 * parser (3.0.0.0)
 DEBUG [34f6891b] 	 * rack (2.2.3)
 DEBUG [34f6891b] 	 * rack-protection (2.1.0)
 DEBUG [34f6891b] 	 * rainbow (3.0.0)
 DEBUG [34f6891b] 	 * regexp_parser (2.0.3)
 DEBUG [34f6891b] 	 * rexml (3.2.4)
 DEBUG [34f6891b] 	 * rubocop-ast (1.4.0)
 DEBUG [34f6891b] 	 * ruby-progressbar (1.11.0)
 DEBUG [34f6891b] 	 * unicode-display_width (2.0.0)
 DEBUG [34f6891b] 	 * rubocop (1.8.1)
 DEBUG [34f6891b] 	 * tilt (2.0.10)
 DEBUG [34f6891b] 	 * sinatra (2.1.0)
 DEBUG [34f6891b] 	 * temple (0.8.2)
 DEBUG [34f6891b] 	 * slim (4.0.0)
 DEBUG [34f6891b] 	Install missing gems with `bundle install`
 DEBUG [34f6891b] Finished in 0.188 seconds with exit status 1 (failed).
  INFO [d3bc7918] Running RBENV_ROOT=/home/vagrant/.rbenv /home/vagrant/.rbenv/bin/rbenv exec bundle install --jobs 4 --quiet as vagrant@verification-cap-puma
 DEBUG [d3bc7918] Command: cd /var/www/html/releases/20210114062450 && ( export RBENV_ROOT="/home/vagrant/.rbenv" RBENV_VERSION="" ; RBENV_ROOT=/home/vagrant/.rbenv /home/vagrant/.rbenv/bin/rbenv exec bundle install --jobs 4 --quiet )
  INFO [d3bc7918] Finished in 7.887 seconds with exit status 0 (successful).
  INFO [769a631c] Running /usr/bin/env ln -s /var/www/html/releases/20210114062450 /var/www/html/releases/current as vagrant@verification-cap-puma
 DEBUG [769a631c] Command: ( export RBENV_ROOT="/home/vagrant/.rbenv" RBENV_VERSION="" ; /usr/bin/env ln -s /var/www/html/releases/20210114062450 /var/www/html/releases/current )
  INFO [769a631c] Finished in 0.009 seconds with exit status 0 (successful).
  INFO [8f66736d] Running /usr/bin/env mv /var/www/html/releases/current /var/www/html as vagrant@verification-cap-puma
 DEBUG [8f66736d] Command: ( export RBENV_ROOT="/home/vagrant/.rbenv" RBENV_VERSION="" ; /usr/bin/env mv /var/www/html/releases/current /var/www/html )
  INFO [8f66736d] Finished in 0.006 seconds with exit status 0 (successful).
 DEBUG [f25b4519] Running /usr/bin/env ls -x /var/www/html/releases as vagrant@verification-cap-puma
 DEBUG [f25b4519] Command: ( export RBENV_ROOT="/home/vagrant/.rbenv" RBENV_VERSION="" ; /usr/bin/env ls -x /var/www/html/releases )
 DEBUG [f25b4519] 	20210114060740	20210114060900	20210114061228	20210114061718	20210114061745
20210114062331	20210114062406	20210114062450
 DEBUG [f25b4519] Finished in 0.008 seconds with exit status 0 (successful).
  INFO Keeping 5 of 8 deployed releases on verification-cap-puma
 DEBUG [f672997c] Running [ -d /var/www/html/current ] as vagrant@verification-cap-puma
 DEBUG [f672997c] Command: [ -d /var/www/html/current ]
 DEBUG [f672997c] Finished in 0.004 seconds with exit status 0 (successful).
 DEBUG [77a11506] Running /usr/bin/env readlink /var/www/html/current as vagrant@verification-cap-puma
 DEBUG [77a11506] Command: ( export RBENV_ROOT="/home/vagrant/.rbenv" RBENV_VERSION="" ; /usr/bin/env readlink /var/www/html/current )
 DEBUG [77a11506] 	/var/www/html/releases/20210114062450
 DEBUG [77a11506] Finished in 0.006 seconds with exit status 0 (successful).
  INFO [b138b7e8] Running /usr/bin/env rm -rf /var/www/html/releases/20210114060740 /var/www/html/releases/20210114060900 /var/www/html/releases/20210114061228 as vagrant@verification-cap-puma
 DEBUG [b138b7e8] Command: ( export RBENV_ROOT="/home/vagrant/.rbenv" RBENV_VERSION="" ; /usr/bin/env rm -rf /var/www/html/releases/20210114060740 /var/www/html/releases/20210114060900 /var/www/html/releases/20210114061228 )
  INFO [b138b7e8] Finished in 0.008 seconds with exit status 0 (successful).
 DEBUG [e9cef9b7] Running if test ! -d /var/www/html/releases; then echo "Directory does not exist '/var/www/html/releases'" 1>&2; false; fi as vagrant@verification-cap-puma
 DEBUG [e9cef9b7] Command: if test ! -d /var/www/html/releases; then echo "Directory does not exist '/var/www/html/releases'" 1>&2; false; fi
 DEBUG [e9cef9b7] Finished in 0.004 seconds with exit status 0 (successful).
  INFO [4fec5303] Running /usr/bin/env echo "Branch main (at b33c6ea980387ae4a27c1fb87626f8ba1efa754d) deployed as release 20210114062450 by suzuki_toru" >> /var/www/html/revisions.log as vagrant@verification-cap-puma
 DEBUG [4fec5303] Command: cd /var/www/html/releases && ( export RBENV_ROOT="/home/vagrant/.rbenv" RBENV_VERSION="" ; /usr/bin/env echo "Branch main (at b33c6ea980387ae4a27c1fb87626f8ba1efa754d) deployed as release 20210114062450 by suzuki_toru" >> /var/www/html/revisions.log )
  INFO [4fec5303] Finished in 0.008 seconds with exit status 0 (successful).
